[debug] [2018-08-07T07:07:16.955Z] ----------------------------------------------------------------------
[debug] [2018-08-07T07:07:16.957Z] Command:       C:\Program Files\nodejs\node.exe C:\Users\Adam\AppData\Roaming\npm\node_modules\firebase-tools\bin\firebase deploy --project one-time-password-1e4a7
[debug] [2018-08-07T07:07:16.958Z] CLI Version:   4.0.3
[debug] [2018-08-07T07:07:16.958Z] Platform:      win32
[debug] [2018-08-07T07:07:16.958Z] Node Version:  v10.6.0
[debug] [2018-08-07T07:07:16.959Z] Time:          Tue Aug 07 2018 09:07:16 GMT+0200 (GMT+02:00)
[debug] [2018-08-07T07:07:16.960Z] ----------------------------------------------------------------------
[debug] 
[debug] [2018-08-07T07:07:16.970Z] > command requires scopes: ["email","openid","https://www.googleapis.com/auth/cloudplatformprojects.readonly","https://www.googleapis.com/auth/firebase","https://www.googleapis.com/auth/cloud-platform"]
[debug] [2018-08-07T07:07:16.971Z] > authorizing via signed-in user
[debug] [2018-08-07T07:07:16.973Z] >>> HTTP REQUEST GET https://admin.firebase.com/v1/projects/one-time-password-1e4a7  
  
 Tue Aug 07 2018 09:07:16 GMT+0200 (GMT+02:00)
[debug] [2018-08-07T07:07:17.901Z] <<< HTTP RESPONSE 200
[debug] [2018-08-07T07:07:17.902Z] >>> HTTP REQUEST GET https://admin.firebase.com/v1/database/one-time-password-1e4a7/tokens  
  
 Tue Aug 07 2018 09:07:17 GMT+0200 (GMT+02:00)
[debug] [2018-08-07T07:07:18.677Z] <<< HTTP RESPONSE 200
[info] 
[info] === Deploying to 'one-time-password-1e4a7'...
[info] 
[info] i  deploying functions
[info] Running command: npm --prefix "%RESOURCE_DIR%" run lint
[info] +  functions: Finished running predeploy script.
[debug] [2018-08-07T07:07:24.054Z] > [functions] package.json contents: {
  "name": "functions",
  "description": "Cloud Functions for Firebase",
  "scripts": {
    "lint": "eslint .",
    "serve": "firebase serve --only functions",
    "shell": "firebase functions:shell",
    "start": "npm run shell",
    "deploy": "firebase deploy --only functions",
    "logs": "firebase functions:log"
  },
  "dependencies": {
    "firebase-admin": "~5.13.0",
    "firebase-functions": "^2.0.0"
  },
  "devDependencies": {
    "eslint": "^4.12.0",
    "eslint-plugin-promise": "^3.6.0"
  },
  "private": true
}
[info] i  functions: ensuring necessary APIs are enabled...
[debug] [2018-08-07T07:07:24.055Z] >>> HTTP REQUEST GET https://servicemanagement.googleapis.com/v1/services/cloudfunctions.googleapis.com/projectSettings/one-time-password-1e4a7?view=CONSUMER_VIEW  
  
 Tue Aug 07 2018 09:07:24 GMT+0200 (GMT+02:00)
[debug] [2018-08-07T07:07:24.055Z] >>> HTTP REQUEST GET https://servicemanagement.googleapis.com/v1/services/runtimeconfig.googleapis.com/projectSettings/one-time-password-1e4a7?view=CONSUMER_VIEW  
  
 Tue Aug 07 2018 09:07:24 GMT+0200 (GMT+02:00)
[debug] [2018-08-07T07:07:25.664Z] <<< HTTP RESPONSE 200
[debug] [2018-08-07T07:07:25.695Z] <<< HTTP RESPONSE 200
[info] +  functions: all necessary APIs are enabled
[debug] [2018-08-07T07:07:25.697Z] >>> HTTP REQUEST GET https://cloudresourcemanager.googleapis.com/v1/projects/one-time-password-1e4a7  
  
 Tue Aug 07 2018 09:07:25 GMT+0200 (GMT+02:00)
[debug] [2018-08-07T07:07:26.709Z] <<< HTTP RESPONSE 200
[debug] [2018-08-07T07:07:26.709Z] >>> HTTP REQUEST GET https://mobilesdk-pa.googleapis.com/v1/projects/1013916630024:getServerAppConfig  
  
 Tue Aug 07 2018 09:07:26 GMT+0200 (GMT+02:00)
[debug] [2018-08-07T07:07:27.300Z] <<< HTTP RESPONSE 200
[info] i  functions: preparing functions directory for uploading...
[info] i  functions: packaged functions (53.08 KB) for uploading
[debug] [2018-08-07T07:07:27.599Z] >>> HTTP REQUEST POST https://cloudfunctions.googleapis.com/v1/projects/one-time-password-1e4a7/locations/us-central1/functions:generateUploadUrl  
  
 Tue Aug 07 2018 09:07:27 GMT+0200 (GMT+02:00)
[debug] [2018-08-07T07:07:28.301Z] <<< HTTP RESPONSE 200
[debug] [2018-08-07T07:07:28.302Z] >>> HTTP REQUEST PUT https://storage.googleapis.com/gcf-upload-us-central1-3b676a6c-a451-41d3-90b2-471e2e781ba8/e05a31ad-6214-4514-8a1a-c778c2024cd6.zip?GoogleAccessId=service-1013916630024@gcf-admin-robot.iam.gserviceaccount.com&Expires=1533627447&Signature=ZWQHkITggKxeiU8EYoWNYEPMgAUvE3sN3M2WWGZwvis9TAIsUUN6lhfLNM0tkEzXlvYgdTqYvA3Eop59lUEEqsQVemPOjJZb%2FnFM8mDO5ipQ0CysP5Qp5KtBxrk1W6fnsgwDShAbaBedQopSJ2xtsip0gWpbMAu7AZDHXGWXphrDEkL%2BGE1MsPpdd8XmlxgVnRS3DKBpfDBQtdoNVqjz2DETMitG21y%2FLnKTZXrla81D%2BOlGWKqQYZ11YIbApDitjIYX225K%2B5XhqM%2FMbFOz78a8qrDNnT86q9p41pQCzFXaCR10jVpeDVMVYHRQaCmrbrnHPCUT9GWklAHPYNP1Aw%3D%3D  
 ReadStream {
  _readableState:
   ReadableState {
     objectMode: false,
     highWaterMark: 65536,
     buffer: BufferList { length: 1 },
     length: 54355,
     pipes: null,
     pipesCount: 0,
     flowing: null,
     ended: true,
     endEmitted: false,
     reading: false,
     sync: false,
     needReadable: false,
     emittedReadable: true,
     readableListening: false,
     resumeScheduled: false,
     emitClose: false,
     destroyed: false,
     defaultEncoding: 'utf8',
     awaitDrain: 0,
     readingMore: false,
     decoder: null,
     encoding: null },
  readable: true,
  domain: null,
  _events: { end: [Function] },
  _eventsCount: 1,
  _maxListeners: undefined,
  path:
   'C:\\Users\\Adam\\AppData\\Local\\Temp\\firebase-functions-15044nYjEcI6SUY3U.zip',
  fd: 5,
  flags: 'r',
  mode: 438,
  start: undefined,
  end: Infinity,
  autoClose: true,
  pos: undefined,
  bytesRead: 54355,
  closed: false } 
 Tue Aug 07 2018 09:07:28 GMT+0200 (GMT+02:00)
[debug] [2018-08-07T07:07:28.958Z] <<< HTTP RESPONSE 200
[info] +  functions: functions folder uploaded successfully
[debug] [2018-08-07T07:07:28.959Z] >>> HTTP REQUEST GET https://cloudfunctions.googleapis.com/v1/projects/one-time-password-1e4a7/locations/-/functions  
  
 Tue Aug 07 2018 09:07:28 GMT+0200 (GMT+02:00)
[debug] [2018-08-07T07:07:29.835Z] <<< HTTP RESPONSE 200
[info] i  functions: creating Node.js 6 function createUser(us-central1)...
[debug] [2018-08-07T07:07:29.837Z] Trigger is:  {"httpsTrigger":{}}
[info] 
The following functions are found in your project but do not exist in your local source code:
	helloWorld(us-central1)

If you are renaming a function or changing its region, it is recommended that you create the new function first before deleting the old one to prevent event loss. For more info, visit https://firebase.google.com/docs/functions/manage-functions#modify

